[debug] [2021-10-04T17:53:49.856Z] ----------------------------------------------------------------------
[debug] [2021-10-04T17:53:49.859Z] Command:       /usr/local/Cellar/node/16.6.1/bin/node /usr/local/bin/firebase emulators:start
[debug] [2021-10-04T17:53:49.860Z] CLI Version:   9.6.1
[debug] [2021-10-04T17:53:49.860Z] Platform:      darwin
[debug] [2021-10-04T17:53:49.860Z] Node Version:  v16.6.1
[debug] [2021-10-04T17:53:49.918Z] Time:          Mon Oct 04 2021 19:53:49 GMT+0200 (Central European Summer Time)
[debug] [2021-10-04T17:53:49.918Z] ----------------------------------------------------------------------
[debug] [2021-10-04T17:53:49.918Z] 
[debug] [2021-10-04T17:53:49.921Z] >>> [apiv2][query] GET https://firebase-public.firebaseio.com/cli.json [none]
[debug] [2021-10-04T17:53:49.955Z] > command requires scopes: ["email","openid","https://www.googleapis.com/auth/cloudplatformprojects.readonly","https://www.googleapis.com/auth/firebase","https://www.googleapis.com/auth/cloud-platform"]
[debug] [2021-10-04T17:53:49.955Z] > authorizing via signed-in user
[info] i  emulators: Starting emulators: functions {"metadata":{"emulator":{"name":"hub"},"message":"Starting emulators: functions"}}
[debug] [2021-10-04T17:53:50.150Z] [hub] writing locator at /var/folders/vm/54qml9kd4zb7gtgjbhk0bcjm0000gn/T/hub-myonlinecourses-1d1d6.json
[warn] ⚠  functions: The following emulators are not running, calls to these services from the Functions emulator will affect production: auth, firestore, database, hosting, pubsub {"metadata":{"emulator":{"name":"functions"},"message":"The following emulators are not running, calls to these services from the Functions emulator will affect production: \u001b[1mauth, firestore, database, hosting, pubsub\u001b[22m"}}
[warn] ⚠  Your requested "node" version "12" doesn't match your global version "16" {"metadata":{"emulator":{"name":"functions"},"message":"Your requested \"node\" version \"12\" doesn't match your global version \"16\""}}
[debug] [2021-10-04T17:53:50.355Z] defaultcredentials: writing to file /Users/tomastesfamariam/.config/firebase/tomasberhe1999_gmail_com_application_default_credentials.json
[debug] [2021-10-04T17:53:50.409Z] Setting GAC to /Users/tomastesfamariam/.config/firebase/tomasberhe1999_gmail_com_application_default_credentials.json {"metadata":{"emulator":{"name":"functions"},"message":"Setting GAC to /Users/tomastesfamariam/.config/firebase/tomasberhe1999_gmail_com_application_default_credentials.json"}}
[debug] [2021-10-04T17:53:50.411Z] > refreshing access token with scopes: []
[debug] [2021-10-04T17:53:50.412Z] >>> HTTP REQUEST POST https://www.googleapis.com/oauth2/v3/token  
 <request body omitted>
[debug] [2021-10-04T17:53:50.655Z] <<< HTTP RESPONSE 200 {"expires":"Mon, 01 Jan 1990 00:00:00 GMT","date":"Mon, 04 Oct 2021 17:53:50 GMT","cache-control":"no-cache, no-store, max-age=0, must-revalidate","pragma":"no-cache","content-type":"application/json; charset=utf-8","vary":"X-Origin, Referer, Origin,Accept-Encoding","server":"scaffolding on HTTPServer2","x-xss-protection":"0","x-frame-options":"SAMEORIGIN","x-content-type-options":"nosniff","alt-svc":"h3=\":443\"; ma=2592000,h3-29=\":443\"; ma=2592000,h3-T051=\":443\"; ma=2592000,h3-Q050=\":443\"; ma=2592000,h3-Q046=\":443\"; ma=2592000,h3-Q043=\":443\"; ma=2592000,quic=\":443\"; ma=2592000; v=\"46,43\"","accept-ranges":"none","transfer-encoding":"chunked"}
[debug] [2021-10-04T17:53:50.680Z] >>> [apiv2][query] GET https://firebase.googleapis.com/v1beta1/projects/myonlinecourses-1d1d6/adminSdkConfig [none]
[debug] [2021-10-04T17:53:50.692Z] <<< [apiv2][status] GET https://firebase-public.firebaseio.com/cli.json 200
[debug] [2021-10-04T17:53:50.693Z] <<< [apiv2][body] GET https://firebase-public.firebaseio.com/cli.json {"cloudBuildErrorAfter":1594252800000,"cloudBuildWarnAfter":1590019200000,"defaultNode10After":1594252800000,"minVersion":"3.0.5","node8DeploysDisabledAfter":1613390400000,"node8RuntimeDisabledAfter":1615809600000,"node8WarnAfter":1600128000000}
[debug] [2021-10-04T17:53:51.026Z] <<< [apiv2][status] GET https://firebase.googleapis.com/v1beta1/projects/myonlinecourses-1d1d6/adminSdkConfig 200
[debug] [2021-10-04T17:53:51.026Z] <<< [apiv2][body] GET https://firebase.googleapis.com/v1beta1/projects/myonlinecourses-1d1d6/adminSdkConfig {"projectId":"myonlinecourses-1d1d6","storageBucket":"myonlinecourses-1d1d6.appspot.com"}
[debug] [2021-10-04T17:53:51.060Z] Ignoring unsupported arg: auto_download {"metadata":{"emulator":{"name":"ui"},"message":"Ignoring unsupported arg: auto_download"}}
[debug] [2021-10-04T17:53:51.061Z] Ignoring unsupported arg: port {"metadata":{"emulator":{"name":"ui"},"message":"Ignoring unsupported arg: port"}}
[debug] [2021-10-04T17:53:51.061Z] Starting Emulator UI with command {"binary":"node","args":["/Users/tomastesfamariam/.cache/firebase/emulators/ui-v1.4.2/server.bundle.js"],"optionalArgs":[],"joinArgs":false} {"metadata":{"emulator":{"name":"ui"},"message":"Starting Emulator UI with command {\"binary\":\"node\",\"args\":[\"/Users/tomastesfamariam/.cache/firebase/emulators/ui-v1.4.2/server.bundle.js\"],\"optionalArgs\":[],\"joinArgs\":false}"}}
[info] i  ui: Emulator UI logging to ui-debug.log {"metadata":{"emulator":{"name":"ui"},"message":"Emulator UI logging to \u001b[1mui-debug.log\u001b[22m"}}
[debug] [2021-10-04T17:53:51.513Z] Web / API server started at http://localhost:4000
 {"metadata":{"emulator":{"name":"ui"},"message":"Web / API server started at http://localhost:4000\n"}}
[info] i  functions: Watching "/Users/tomastesfamariam/repos/myonlinecourses/functions" for Cloud Functions... {"metadata":{"emulator":{"name":"functions"},"message":"Watching \"/Users/tomastesfamariam/repos/myonlinecourses/functions\" for Cloud Functions..."}}
[debug] [2021-10-04T17:53:51.610Z] [worker-pool] addWorker(~diagnostic~) {"metadata":{"emulator":{"name":"functions"},"message":"[worker-pool] addWorker(~diagnostic~)"}}
[debug] [2021-10-04T17:53:51.611Z] [worker-pool] Adding worker with key ~diagnostic~, total=1 {"metadata":{"emulator":{"name":"functions"},"message":"[worker-pool] Adding worker with key ~diagnostic~, total=1"}}
[debug] [2021-10-04T17:53:51.611Z] [worker-pool] submitWork(triggerId=) {"metadata":{"emulator":{"name":"functions"},"message":"[worker-pool] submitWork(triggerId=)"}}
[debug] [2021-10-04T17:53:51.611Z] [worker-~diagnostic~-b725cc57-d477-47a2-9856-c4decfe14fdf]: Assigning socketPath: /var/folders/vm/54qml9kd4zb7gtgjbhk0bcjm0000gn/T/fire_emu_3516.sock {"metadata":{"emulator":{"name":"functions"},"message":"[worker-~diagnostic~-b725cc57-d477-47a2-9856-c4decfe14fdf]: Assigning socketPath: /var/folders/vm/54qml9kd4zb7gtgjbhk0bcjm0000gn/T/fire_emu_3516.sock"}}
[debug] [2021-10-04T17:53:51.612Z] [worker-~diagnostic~-b725cc57-d477-47a2-9856-c4decfe14fdf]: BUSY {"metadata":{"emulator":{"name":"functions"},"message":"[worker-~diagnostic~-b725cc57-d477-47a2-9856-c4decfe14fdf]: BUSY"}}
[debug] [2021-10-04T17:53:52.060Z] [runtime-status] [3516] Functions runtime initialized. {"cwd":"/Users/tomastesfamariam/repos/myonlinecourses/functions","node_version":"16.6.1"} {"metadata":{"emulator":{"name":"functions"},"message":"[runtime-status] [3516] Functions runtime initialized. {\"cwd\":\"/Users/tomastesfamariam/repos/myonlinecourses/functions\",\"node_version\":\"16.6.1\"}"}}
[debug] [2021-10-04T17:53:52.061Z] [runtime-status] [3516] Disabled runtime features: undefined {"metadata":{"emulator":{"name":"functions"},"message":"[runtime-status] [3516] Disabled runtime features: undefined"}}
[debug] [2021-10-04T17:53:52.064Z] [runtime-status] [3516] Resolved module firebase-admin {"declared":true,"installed":true,"version":"9.12.0","resolution":"/Users/tomastesfamariam/repos/myonlinecourses/functions/node_modules/firebase-admin/lib/index.js"} {"metadata":{"emulator":{"name":"functions"},"message":"[runtime-status] [3516] Resolved module firebase-admin {\"declared\":true,\"installed\":true,\"version\":\"9.12.0\",\"resolution\":\"/Users/tomastesfamariam/repos/myonlinecourses/functions/node_modules/firebase-admin/lib/index.js\"}"}}
[debug] [2021-10-04T17:53:52.071Z] [runtime-status] [3516] Resolved module firebase-functions {"declared":true,"installed":true,"version":"3.15.7","resolution":"/Users/tomastesfamariam/repos/myonlinecourses/functions/node_modules/firebase-functions/lib/index.js"} {"metadata":{"emulator":{"name":"functions"},"message":"[runtime-status] [3516] Resolved module firebase-functions {\"declared\":true,\"installed\":true,\"version\":\"3.15.7\",\"resolution\":\"/Users/tomastesfamariam/repos/myonlinecourses/functions/node_modules/firebase-functions/lib/index.js\"}"}}
[debug] [2021-10-04T17:53:52.075Z] [runtime-status] [3516] Resolved module firebase-functions {"declared":true,"installed":true,"version":"3.15.7","resolution":"/Users/tomastesfamariam/repos/myonlinecourses/functions/node_modules/firebase-functions/lib/index.js"} {"metadata":{"emulator":{"name":"functions"},"message":"[runtime-status] [3516] Resolved module firebase-functions {\"declared\":true,\"installed\":true,\"version\":\"3.15.7\",\"resolution\":\"/Users/tomastesfamariam/repos/myonlinecourses/functions/node_modules/firebase-functions/lib/index.js\"}"}}
[debug] [2021-10-04T17:53:52.080Z] [runtime-status] [3516] Outgoing network have been stubbed. [{"name":"http","status":"mocked"},{"name":"http","status":"mocked"},{"name":"https","status":"mocked"},{"name":"https","status":"mocked"},{"name":"net","status":"mocked"}] {"metadata":{"emulator":{"name":"functions"},"message":"[runtime-status] [3516] Outgoing network have been stubbed. [{\"name\":\"http\",\"status\":\"mocked\"},{\"name\":\"http\",\"status\":\"mocked\"},{\"name\":\"https\",\"status\":\"mocked\"},{\"name\":\"https\",\"status\":\"mocked\"},{\"name\":\"net\",\"status\":\"mocked\"}]"}}
[debug] [2021-10-04T17:53:52.080Z] [runtime-status] [3516] Resolved module firebase-functions {"declared":true,"installed":true,"version":"3.15.7","resolution":"/Users/tomastesfamariam/repos/myonlinecourses/functions/node_modules/firebase-functions/lib/index.js"} {"metadata":{"emulator":{"name":"functions"},"message":"[runtime-status] [3516] Resolved module firebase-functions {\"declared\":true,\"installed\":true,\"version\":\"3.15.7\",\"resolution\":\"/Users/tomastesfamariam/repos/myonlinecourses/functions/node_modules/firebase-functions/lib/index.js\"}"}}
[debug] [2021-10-04T17:53:52.310Z] [runtime-status] [3516] Checked functions.config() {"config":{}} {"metadata":{"emulator":{"name":"functions"},"message":"[runtime-status] [3516] Checked functions.config() {\"config\":{}}"}}
[debug] [2021-10-04T17:53:52.310Z] [runtime-status] [3516] firebase-functions has been stubbed. {"functionsResolution":{"declared":true,"installed":true,"version":"3.15.7","resolution":"/Users/tomastesfamariam/repos/myonlinecourses/functions/node_modules/firebase-functions/lib/index.js"}} {"metadata":{"emulator":{"name":"functions"},"message":"[runtime-status] [3516] firebase-functions has been stubbed. {\"functionsResolution\":{\"declared\":true,\"installed\":true,\"version\":\"3.15.7\",\"resolution\":\"/Users/tomastesfamariam/repos/myonlinecourses/functions/node_modules/firebase-functions/lib/index.js\"}}"}}
[debug] [2021-10-04T17:53:52.311Z] [runtime-status] [3516] Resolved module firebase-functions {"declared":true,"installed":true,"version":"3.15.7","resolution":"/Users/tomastesfamariam/repos/myonlinecourses/functions/node_modules/firebase-functions/lib/index.js"} {"metadata":{"emulator":{"name":"functions"},"message":"[runtime-status] [3516] Resolved module firebase-functions {\"declared\":true,\"installed\":true,\"version\":\"3.15.7\",\"resolution\":\"/Users/tomastesfamariam/repos/myonlinecourses/functions/node_modules/firebase-functions/lib/index.js\"}"}}
[debug] [2021-10-04T17:53:52.313Z] [runtime-status] [3516] Resolved module firebase-admin {"declared":true,"installed":true,"version":"9.12.0","resolution":"/Users/tomastesfamariam/repos/myonlinecourses/functions/node_modules/firebase-admin/lib/index.js"} {"metadata":{"emulator":{"name":"functions"},"message":"[runtime-status] [3516] Resolved module firebase-admin {\"declared\":true,\"installed\":true,\"version\":\"9.12.0\",\"resolution\":\"/Users/tomastesfamariam/repos/myonlinecourses/functions/node_modules/firebase-admin/lib/index.js\"}"}}
[debug] [2021-10-04T17:53:52.313Z] [runtime-status] [3516] Resolved module firebase-functions {"declared":true,"installed":true,"version":"3.15.7","resolution":"/Users/tomastesfamariam/repos/myonlinecourses/functions/node_modules/firebase-functions/lib/index.js"} {"metadata":{"emulator":{"name":"functions"},"message":"[runtime-status] [3516] Resolved module firebase-functions {\"declared\":true,\"installed\":true,\"version\":\"3.15.7\",\"resolution\":\"/Users/tomastesfamariam/repos/myonlinecourses/functions/node_modules/firebase-functions/lib/index.js\"}"}}
[debug] [2021-10-04T17:53:52.314Z] [runtime-status] [3516] firebase-admin has been stubbed. {"adminResolution":{"declared":true,"installed":true,"version":"9.12.0","resolution":"/Users/tomastesfamariam/repos/myonlinecourses/functions/node_modules/firebase-admin/lib/index.js"}} {"metadata":{"emulator":{"name":"functions"},"message":"[runtime-status] [3516] firebase-admin has been stubbed. {\"adminResolution\":{\"declared\":true,\"installed\":true,\"version\":\"9.12.0\",\"resolution\":\"/Users/tomastesfamariam/repos/myonlinecourses/functions/node_modules/firebase-admin/lib/index.js\"}}"}}
[info] ✔  functions[app]: http function initialized (http://localhost:5001/myonlinecourses-1d1d6/us-central1/app). {"metadata":{"emulator":{"name":"functions"},"message":"\u001b[1mhttp\u001b[22m function initialized (http://localhost:5001/myonlinecourses-1d1d6/us-central1/app)."}}
[info] 
┌─────────────────────────────────────────────────────────────┐
│ ✔  All emulators ready! It is now safe to connect your app. │
│ i  View Emulator UI at http://localhost:4000                │
└─────────────────────────────────────────────────────────────┘

┌───────────┬────────────────┬─────────────────────────────────┐
│ Emulator  │ Host:Port      │ View in Emulator UI             │
├───────────┼────────────────┼─────────────────────────────────┤
│ Functions │ localhost:5001 │ http://localhost:4000/functions │
└───────────┴────────────────┴─────────────────────────────────┘
  Emulator Hub running at localhost:4400
  Other reserved ports: 4500

Issues? Report them at https://github.com/firebase/firebase-tools/issues and attach the *-debug.log files.
 
[debug] [2021-10-04T17:53:52.875Z] [worker-~diagnostic~-b725cc57-d477-47a2-9856-c4decfe14fdf]: IDLE {"metadata":{"emulator":{"name":"functions"},"message":"[worker-~diagnostic~-b725cc57-d477-47a2-9856-c4decfe14fdf]: IDLE"}}
[debug] [2021-10-04T17:54:31.101Z] [work-queue] {"queueLength":1,"workRunningCount":0}
[debug] [2021-10-04T17:54:31.101Z] [work-queue] {"queueLength":0,"workRunningCount":1}
[debug] [2021-10-04T17:54:31.101Z] Accepted request GET /myonlinecourses-1d1d6/us-central1/app/get-prices --> app
[debug] [2021-10-04T17:54:31.111Z] [worker-pool] addWorker(app) {"metadata":{"emulator":{"name":"functions"},"message":"[worker-pool] addWorker(app)"}}
[debug] [2021-10-04T17:54:31.112Z] [worker-pool] Adding worker with key app, total=1 {"metadata":{"emulator":{"name":"functions"},"message":"[worker-pool] Adding worker with key app, total=1"}}
[debug] [2021-10-04T17:54:31.112Z] [worker-pool] submitWork(triggerId=app) {"metadata":{"emulator":{"name":"functions"},"message":"[worker-pool] submitWork(triggerId=app)"}}
[debug] [2021-10-04T17:54:31.112Z] [worker-app-4ec5d47d-6245-4957-a08c-dc3995b70ee4]: Assigning socketPath: /var/folders/vm/54qml9kd4zb7gtgjbhk0bcjm0000gn/T/fire_emu_3527.sock {"metadata":{"emulator":{"name":"functions"},"message":"[worker-app-4ec5d47d-6245-4957-a08c-dc3995b70ee4]: Assigning socketPath: /var/folders/vm/54qml9kd4zb7gtgjbhk0bcjm0000gn/T/fire_emu_3527.sock"}}
[debug] [2021-10-04T17:54:31.112Z] [worker-app-4ec5d47d-6245-4957-a08c-dc3995b70ee4]: BUSY {"metadata":{"emulator":{"name":"functions"},"message":"[worker-app-4ec5d47d-6245-4957-a08c-dc3995b70ee4]: BUSY"}}
[debug] [2021-10-04T17:54:31.613Z] [runtime-status] [3527] Functions runtime initialized. {"cwd":"/Users/tomastesfamariam/repos/myonlinecourses/functions","node_version":"16.6.1"} {"metadata":{"emulator":{"name":"functions"},"function":{"name":"app"},"message":"[runtime-status] [3527] Functions runtime initialized. {\"cwd\":\"/Users/tomastesfamariam/repos/myonlinecourses/functions\",\"node_version\":\"16.6.1\"}"}}
[debug] [2021-10-04T17:54:31.614Z] [runtime-status] [3527] Disabled runtime features: undefined {"metadata":{"emulator":{"name":"functions"},"function":{"name":"app"},"message":"[runtime-status] [3527] Disabled runtime features: undefined"}}
[debug] [2021-10-04T17:54:31.621Z] [runtime-status] [3527] Resolved module firebase-admin {"declared":true,"installed":true,"version":"9.12.0","resolution":"/Users/tomastesfamariam/repos/myonlinecourses/functions/node_modules/firebase-admin/lib/index.js"} {"metadata":{"emulator":{"name":"functions"},"function":{"name":"app"},"message":"[runtime-status] [3527] Resolved module firebase-admin {\"declared\":true,\"installed\":true,\"version\":\"9.12.0\",\"resolution\":\"/Users/tomastesfamariam/repos/myonlinecourses/functions/node_modules/firebase-admin/lib/index.js\"}"}}
[debug] [2021-10-04T17:54:31.626Z] [runtime-status] [3527] Resolved module firebase-functions {"declared":true,"installed":true,"version":"3.15.7","resolution":"/Users/tomastesfamariam/repos/myonlinecourses/functions/node_modules/firebase-functions/lib/index.js"} {"metadata":{"emulator":{"name":"functions"},"function":{"name":"app"},"message":"[runtime-status] [3527] Resolved module firebase-functions {\"declared\":true,\"installed\":true,\"version\":\"3.15.7\",\"resolution\":\"/Users/tomastesfamariam/repos/myonlinecourses/functions/node_modules/firebase-functions/lib/index.js\"}"}}
[debug] [2021-10-04T17:54:31.629Z] [runtime-status] [3527] Resolved module firebase-functions {"declared":true,"installed":true,"version":"3.15.7","resolution":"/Users/tomastesfamariam/repos/myonlinecourses/functions/node_modules/firebase-functions/lib/index.js"} {"metadata":{"emulator":{"name":"functions"},"function":{"name":"app"},"message":"[runtime-status] [3527] Resolved module firebase-functions {\"declared\":true,\"installed\":true,\"version\":\"3.15.7\",\"resolution\":\"/Users/tomastesfamariam/repos/myonlinecourses/functions/node_modules/firebase-functions/lib/index.js\"}"}}
[debug] [2021-10-04T17:54:31.632Z] [runtime-status] [3527] Outgoing network have been stubbed. [{"name":"http","status":"mocked"},{"name":"http","status":"mocked"},{"name":"https","status":"mocked"},{"name":"https","status":"mocked"},{"name":"net","status":"mocked"}] {"metadata":{"emulator":{"name":"functions"},"function":{"name":"app"},"message":"[runtime-status] [3527] Outgoing network have been stubbed. [{\"name\":\"http\",\"status\":\"mocked\"},{\"name\":\"http\",\"status\":\"mocked\"},{\"name\":\"https\",\"status\":\"mocked\"},{\"name\":\"https\",\"status\":\"mocked\"},{\"name\":\"net\",\"status\":\"mocked\"}]"}}
[debug] [2021-10-04T17:54:31.632Z] [runtime-status] [3527] Resolved module firebase-functions {"declared":true,"installed":true,"version":"3.15.7","resolution":"/Users/tomastesfamariam/repos/myonlinecourses/functions/node_modules/firebase-functions/lib/index.js"} {"metadata":{"emulator":{"name":"functions"},"function":{"name":"app"},"message":"[runtime-status] [3527] Resolved module firebase-functions {\"declared\":true,\"installed\":true,\"version\":\"3.15.7\",\"resolution\":\"/Users/tomastesfamariam/repos/myonlinecourses/functions/node_modules/firebase-functions/lib/index.js\"}"}}
[debug] [2021-10-04T17:54:31.731Z] [runtime-status] [3527] Checked functions.config() {"config":{}} {"metadata":{"emulator":{"name":"functions"},"function":{"name":"app"},"message":"[runtime-status] [3527] Checked functions.config() {\"config\":{}}"}}
[debug] [2021-10-04T17:54:31.731Z] [runtime-status] [3527] firebase-functions has been stubbed. {"functionsResolution":{"declared":true,"installed":true,"version":"3.15.7","resolution":"/Users/tomastesfamariam/repos/myonlinecourses/functions/node_modules/firebase-functions/lib/index.js"}} {"metadata":{"emulator":{"name":"functions"},"function":{"name":"app"},"message":"[runtime-status] [3527] firebase-functions has been stubbed. {\"functionsResolution\":{\"declared\":true,\"installed\":true,\"version\":\"3.15.7\",\"resolution\":\"/Users/tomastesfamariam/repos/myonlinecourses/functions/node_modules/firebase-functions/lib/index.js\"}}"}}
[debug] [2021-10-04T17:54:31.732Z] [runtime-status] [3527] Resolved module firebase-functions {"declared":true,"installed":true,"version":"3.15.7","resolution":"/Users/tomastesfamariam/repos/myonlinecourses/functions/node_modules/firebase-functions/lib/index.js"} {"metadata":{"emulator":{"name":"functions"},"function":{"name":"app"},"message":"[runtime-status] [3527] Resolved module firebase-functions {\"declared\":true,\"installed\":true,\"version\":\"3.15.7\",\"resolution\":\"/Users/tomastesfamariam/repos/myonlinecourses/functions/node_modules/firebase-functions/lib/index.js\"}"}}
[debug] [2021-10-04T17:54:31.735Z] [runtime-status] [3527] Resolved module firebase-admin {"declared":true,"installed":true,"version":"9.12.0","resolution":"/Users/tomastesfamariam/repos/myonlinecourses/functions/node_modules/firebase-admin/lib/index.js"} {"metadata":{"emulator":{"name":"functions"},"function":{"name":"app"},"message":"[runtime-status] [3527] Resolved module firebase-admin {\"declared\":true,\"installed\":true,\"version\":\"9.12.0\",\"resolution\":\"/Users/tomastesfamariam/repos/myonlinecourses/functions/node_modules/firebase-admin/lib/index.js\"}"}}
[debug] [2021-10-04T17:54:31.736Z] [runtime-status] [3527] Resolved module firebase-functions {"declared":true,"installed":true,"version":"3.15.7","resolution":"/Users/tomastesfamariam/repos/myonlinecourses/functions/node_modules/firebase-functions/lib/index.js"} {"metadata":{"emulator":{"name":"functions"},"function":{"name":"app"},"message":"[runtime-status] [3527] Resolved module firebase-functions {\"declared\":true,\"installed\":true,\"version\":\"3.15.7\",\"resolution\":\"/Users/tomastesfamariam/repos/myonlinecourses/functions/node_modules/firebase-functions/lib/index.js\"}"}}
[debug] [2021-10-04T17:54:31.736Z] [runtime-status] [3527] firebase-admin has been stubbed. {"adminResolution":{"declared":true,"installed":true,"version":"9.12.0","resolution":"/Users/tomastesfamariam/repos/myonlinecourses/functions/node_modules/firebase-admin/lib/index.js"}} {"metadata":{"emulator":{"name":"functions"},"function":{"name":"app"},"message":"[runtime-status] [3527] firebase-admin has been stubbed. {\"adminResolution\":{\"declared\":true,\"installed\":true,\"version\":\"9.12.0\",\"resolution\":\"/Users/tomastesfamariam/repos/myonlinecourses/functions/node_modules/firebase-admin/lib/index.js\"}}"}}
[debug] [2021-10-04T17:54:32.043Z] [runtime-status] [3527] Trigger "app" has been found, beginning invocation! {"metadata":{"emulator":{"name":"functions"},"function":{"name":"app"},"message":"[runtime-status] [3527] Trigger \"app\" has been found, beginning invocation!"}}
[info] i  functions: Beginning execution of "app" {"metadata":{"emulator":{"name":"functions"},"function":{"name":"app"},"message":"Beginning execution of \"app\""}}
[debug] [2021-10-04T17:54:32.044Z] [runtime-status] [3527] triggerDefinition {"httpsTrigger":{},"name":"app","entryPoint":"app"} {"metadata":{"emulator":{"name":"functions"},"function":{"name":"app"},"message":"[runtime-status] [3527] triggerDefinition {\"httpsTrigger\":{},\"name\":\"app\",\"entryPoint\":\"app\"}"}}
[debug] [2021-10-04T17:54:32.044Z] [runtime-status] [3527] Running app in mode HTTPS {"metadata":{"emulator":{"name":"functions"},"function":{"name":"app"},"message":"[runtime-status] [3527] Running app in mode HTTPS"}}
[debug] [2021-10-04T17:54:32.048Z] [runtime-status] [3527] Attempting to listen to socketPath: /var/folders/vm/54qml9kd4zb7gtgjbhk0bcjm0000gn/T/fire_emu_3527.sock {"metadata":{"emulator":{"name":"functions"},"function":{"name":"app"},"message":"[runtime-status] [3527] Attempting to listen to socketPath: /var/folders/vm/54qml9kd4zb7gtgjbhk0bcjm0000gn/T/fire_emu_3527.sock"}}
[debug] [2021-10-04T17:54:32.053Z] [functions] Runtime ready! Sending request! {"metadata":{"emulator":{"name":"functions"},"message":"[functions] Runtime ready! Sending request!"}}
[debug] [2021-10-04T17:54:32.054Z] [functions] Got req.url=/myonlinecourses-1d1d6/us-central1/app/get-prices, mapping to path=/get-prices {"metadata":{"emulator":{"name":"functions"},"message":"[functions] Got req.url=/myonlinecourses-1d1d6/us-central1/app/get-prices, mapping to path=/get-prices"}}
[debug] [2021-10-04T17:54:32.062Z] [runtime-status] [3527] Ephemeral server handling GET request {"metadata":{"emulator":{"name":"functions"},"function":{"name":"app"},"message":"[runtime-status] [3527] Ephemeral server handling GET request"}}
[debug] [2021-10-04T17:54:32.075Z] [runtime-status] [3527] Ephemeral server survived. {"metadata":{"emulator":{"name":"functions"},"function":{"name":"app"},"message":"[runtime-status] [3527] Ephemeral server survived."}}
[info] >  tweakedData {"user":"tweakedData","metadata":{"emulator":{"name":"functions"},"function":{"name":"app"},"message":"\u001b[90m> \u001b[39m tweakedData"}}
[info] i  functions: Finished "app" in ~1s {"metadata":{"emulator":{"name":"functions"},"function":{"name":"app"},"message":"Finished \"app\" in ~1s"}}
[debug] [2021-10-04T17:54:32.778Z] [worker-app-4ec5d47d-6245-4957-a08c-dc3995b70ee4]: IDLE {"metadata":{"emulator":{"name":"functions"},"message":"[worker-app-4ec5d47d-6245-4957-a08c-dc3995b70ee4]: IDLE"}}
[debug] [2021-10-04T17:54:32.781Z] [work-queue] {"queueLength":0,"workRunningCount":0}
[debug] [2021-10-04T17:59:23.739Z] [work-queue] {"queueLength":1,"workRunningCount":0}
[debug] [2021-10-04T17:59:23.740Z] [work-queue] {"queueLength":0,"workRunningCount":1}
[debug] [2021-10-04T17:59:23.740Z] Accepted request GET /myonlinecourses-1d1d6/us-central1/app/get-prices --> app
[debug] [2021-10-04T17:59:23.740Z] [worker-pool] submitWork(triggerId=app) {"metadata":{"emulator":{"name":"functions"},"message":"[worker-pool] submitWork(triggerId=app)"}}
[debug] [2021-10-04T17:59:23.740Z] [worker-app-4ec5d47d-6245-4957-a08c-dc3995b70ee4]: Assigning socketPath: /var/folders/vm/54qml9kd4zb7gtgjbhk0bcjm0000gn/T/fire_emu_3527.sock {"metadata":{"emulator":{"name":"functions"},"message":"[worker-app-4ec5d47d-6245-4957-a08c-dc3995b70ee4]: Assigning socketPath: /var/folders/vm/54qml9kd4zb7gtgjbhk0bcjm0000gn/T/fire_emu_3527.sock"}}
[debug] [2021-10-04T17:59:23.740Z] [worker-app-4ec5d47d-6245-4957-a08c-dc3995b70ee4]: BUSY {"metadata":{"emulator":{"name":"functions"},"message":"[worker-app-4ec5d47d-6245-4957-a08c-dc3995b70ee4]: BUSY"}}
[debug] [2021-10-04T17:59:23.747Z] [runtime-status] [3527] Trigger "app" has been found, beginning invocation! {"metadata":{"emulator":{"name":"functions"},"function":{"name":"app"},"message":"[runtime-status] [3527] Trigger \"app\" has been found, beginning invocation!"}}
[info] i  functions: Beginning execution of "app" {"metadata":{"emulator":{"name":"functions"},"function":{"name":"app"},"message":"Beginning execution of \"app\""}}
[debug] [2021-10-04T17:59:23.747Z] [runtime-status] [3527] triggerDefinition {"httpsTrigger":{},"name":"app","entryPoint":"app"} {"metadata":{"emulator":{"name":"functions"},"function":{"name":"app"},"message":"[runtime-status] [3527] triggerDefinition {\"httpsTrigger\":{},\"name\":\"app\",\"entryPoint\":\"app\"}"}}
[debug] [2021-10-04T17:59:23.748Z] [runtime-status] [3527] Running app in mode HTTPS {"metadata":{"emulator":{"name":"functions"},"function":{"name":"app"},"message":"[runtime-status] [3527] Running app in mode HTTPS"}}
[debug] [2021-10-04T17:59:23.748Z] [runtime-status] [3527] Attempting to listen to socketPath: /var/folders/vm/54qml9kd4zb7gtgjbhk0bcjm0000gn/T/fire_emu_3527.sock {"metadata":{"emulator":{"name":"functions"},"function":{"name":"app"},"message":"[runtime-status] [3527] Attempting to listen to socketPath: /var/folders/vm/54qml9kd4zb7gtgjbhk0bcjm0000gn/T/fire_emu_3527.sock"}}
[debug] [2021-10-04T17:59:23.766Z] [functions] Runtime ready! Sending request! {"metadata":{"emulator":{"name":"functions"},"message":"[functions] Runtime ready! Sending request!"}}
[debug] [2021-10-04T17:59:23.766Z] [functions] Got req.url=/myonlinecourses-1d1d6/us-central1/app/get-prices, mapping to path=/get-prices {"metadata":{"emulator":{"name":"functions"},"message":"[functions] Got req.url=/myonlinecourses-1d1d6/us-central1/app/get-prices, mapping to path=/get-prices"}}
[debug] [2021-10-04T17:59:23.774Z] [runtime-status] [3527] Ephemeral server handling GET request {"metadata":{"emulator":{"name":"functions"},"function":{"name":"app"},"message":"[runtime-status] [3527] Ephemeral server handling GET request"}}
[debug] [2021-10-04T17:59:23.776Z] [runtime-status] [3527] Ephemeral server survived. {"metadata":{"emulator":{"name":"functions"},"function":{"name":"app"},"message":"[runtime-status] [3527] Ephemeral server survived."}}
[info] >  tweakedData {"user":"tweakedData","metadata":{"emulator":{"name":"functions"},"function":{"name":"app"},"message":"\u001b[90m> \u001b[39m tweakedData"}}
[info] i  functions: Finished "app" in ~1s {"metadata":{"emulator":{"name":"functions"},"function":{"name":"app"},"message":"Finished \"app\" in ~1s"}}
[debug] [2021-10-04T17:59:24.181Z] [worker-app-4ec5d47d-6245-4957-a08c-dc3995b70ee4]: IDLE {"metadata":{"emulator":{"name":"functions"},"message":"[worker-app-4ec5d47d-6245-4957-a08c-dc3995b70ee4]: IDLE"}}
[debug] [2021-10-04T17:59:24.182Z] [work-queue] {"queueLength":0,"workRunningCount":0}
[debug] [2021-10-04T18:01:51.688Z] [work-queue] {"queueLength":1,"workRunningCount":0}
[debug] [2021-10-04T18:01:51.688Z] [work-queue] {"queueLength":0,"workRunningCount":1}
[debug] [2021-10-04T18:01:51.688Z] Accepted request GET /myonlinecourses-1d1d6/us-central1/app/get-prices --> app
[debug] [2021-10-04T18:01:51.689Z] [worker-pool] submitWork(triggerId=app) {"metadata":{"emulator":{"name":"functions"},"message":"[worker-pool] submitWork(triggerId=app)"}}
[debug] [2021-10-04T18:01:51.689Z] [worker-app-4ec5d47d-6245-4957-a08c-dc3995b70ee4]: Assigning socketPath: /var/folders/vm/54qml9kd4zb7gtgjbhk0bcjm0000gn/T/fire_emu_3527.sock {"metadata":{"emulator":{"name":"functions"},"message":"[worker-app-4ec5d47d-6245-4957-a08c-dc3995b70ee4]: Assigning socketPath: /var/folders/vm/54qml9kd4zb7gtgjbhk0bcjm0000gn/T/fire_emu_3527.sock"}}
[debug] [2021-10-04T18:01:51.689Z] [worker-app-4ec5d47d-6245-4957-a08c-dc3995b70ee4]: BUSY {"metadata":{"emulator":{"name":"functions"},"message":"[worker-app-4ec5d47d-6245-4957-a08c-dc3995b70ee4]: BUSY"}}
[debug] [2021-10-04T18:01:51.691Z] [runtime-status] [3527] Trigger "app" has been found, beginning invocation! {"metadata":{"emulator":{"name":"functions"},"function":{"name":"app"},"message":"[runtime-status] [3527] Trigger \"app\" has been found, beginning invocation!"}}
[info] i  functions: Beginning execution of "app" {"metadata":{"emulator":{"name":"functions"},"function":{"name":"app"},"message":"Beginning execution of \"app\""}}
[debug] [2021-10-04T18:01:51.693Z] [runtime-status] [3527] triggerDefinition {"httpsTrigger":{},"name":"app","entryPoint":"app"} {"metadata":{"emulator":{"name":"functions"},"function":{"name":"app"},"message":"[runtime-status] [3527] triggerDefinition {\"httpsTrigger\":{},\"name\":\"app\",\"entryPoint\":\"app\"}"}}
[debug] [2021-10-04T18:01:51.693Z] [runtime-status] [3527] Running app in mode HTTPS {"metadata":{"emulator":{"name":"functions"},"function":{"name":"app"},"message":"[runtime-status] [3527] Running app in mode HTTPS"}}
[debug] [2021-10-04T18:01:51.693Z] [runtime-status] [3527] Attempting to listen to socketPath: /var/folders/vm/54qml9kd4zb7gtgjbhk0bcjm0000gn/T/fire_emu_3527.sock {"metadata":{"emulator":{"name":"functions"},"function":{"name":"app"},"message":"[runtime-status] [3527] Attempting to listen to socketPath: /var/folders/vm/54qml9kd4zb7gtgjbhk0bcjm0000gn/T/fire_emu_3527.sock"}}
[debug] [2021-10-04T18:01:51.698Z] [functions] Runtime ready! Sending request! {"metadata":{"emulator":{"name":"functions"},"message":"[functions] Runtime ready! Sending request!"}}
[debug] [2021-10-04T18:01:51.698Z] [functions] Got req.url=/myonlinecourses-1d1d6/us-central1/app/get-prices, mapping to path=/get-prices {"metadata":{"emulator":{"name":"functions"},"message":"[functions] Got req.url=/myonlinecourses-1d1d6/us-central1/app/get-prices, mapping to path=/get-prices"}}
[debug] [2021-10-04T18:01:51.711Z] [runtime-status] [3527] Ephemeral server handling GET request {"metadata":{"emulator":{"name":"functions"},"function":{"name":"app"},"message":"[runtime-status] [3527] Ephemeral server handling GET request"}}
[debug] [2021-10-04T18:01:51.711Z] [runtime-status] [3527] Ephemeral server survived. {"metadata":{"emulator":{"name":"functions"},"function":{"name":"app"},"message":"[runtime-status] [3527] Ephemeral server survived."}}
[info] >  tweakedData {"user":"tweakedData","metadata":{"emulator":{"name":"functions"},"function":{"name":"app"},"message":"\u001b[90m> \u001b[39m tweakedData"}}
[info] i  functions: Finished "app" in ~1s {"metadata":{"emulator":{"name":"functions"},"function":{"name":"app"},"message":"Finished \"app\" in ~1s"}}
[debug] [2021-10-04T18:01:52.152Z] [worker-app-4ec5d47d-6245-4957-a08c-dc3995b70ee4]: IDLE {"metadata":{"emulator":{"name":"functions"},"message":"[worker-app-4ec5d47d-6245-4957-a08c-dc3995b70ee4]: IDLE"}}
[debug] [2021-10-04T18:01:52.153Z] [work-queue] {"queueLength":0,"workRunningCount":0}
[debug] [2021-10-04T18:02:01.815Z] [work-queue] {"queueLength":1,"workRunningCount":0}
[debug] [2021-10-04T18:02:01.815Z] [work-queue] {"queueLength":0,"workRunningCount":1}
[debug] [2021-10-04T18:02:01.815Z] Accepted request GET /myonlinecourses-1d1d6/us-central1/app/get-prices --> app
[debug] [2021-10-04T18:02:01.815Z] [worker-pool] submitWork(triggerId=app) {"metadata":{"emulator":{"name":"functions"},"message":"[worker-pool] submitWork(triggerId=app)"}}
[debug] [2021-10-04T18:02:01.815Z] [worker-app-4ec5d47d-6245-4957-a08c-dc3995b70ee4]: Assigning socketPath: /var/folders/vm/54qml9kd4zb7gtgjbhk0bcjm0000gn/T/fire_emu_3527.sock {"metadata":{"emulator":{"name":"functions"},"message":"[worker-app-4ec5d47d-6245-4957-a08c-dc3995b70ee4]: Assigning socketPath: /var/folders/vm/54qml9kd4zb7gtgjbhk0bcjm0000gn/T/fire_emu_3527.sock"}}
[debug] [2021-10-04T18:02:01.815Z] [worker-app-4ec5d47d-6245-4957-a08c-dc3995b70ee4]: BUSY {"metadata":{"emulator":{"name":"functions"},"message":"[worker-app-4ec5d47d-6245-4957-a08c-dc3995b70ee4]: BUSY"}}
[debug] [2021-10-04T18:02:01.816Z] [runtime-status] [3527] Trigger "app" has been found, beginning invocation! {"metadata":{"emulator":{"name":"functions"},"function":{"name":"app"},"message":"[runtime-status] [3527] Trigger \"app\" has been found, beginning invocation!"}}
[info] i  functions: Beginning execution of "app" {"metadata":{"emulator":{"name":"functions"},"function":{"name":"app"},"message":"Beginning execution of \"app\""}}
[debug] [2021-10-04T18:02:01.817Z] [runtime-status] [3527] triggerDefinition {"httpsTrigger":{},"name":"app","entryPoint":"app"} {"metadata":{"emulator":{"name":"functions"},"function":{"name":"app"},"message":"[runtime-status] [3527] triggerDefinition {\"httpsTrigger\":{},\"name\":\"app\",\"entryPoint\":\"app\"}"}}
[debug] [2021-10-04T18:02:01.817Z] [runtime-status] [3527] Running app in mode HTTPS {"metadata":{"emulator":{"name":"functions"},"function":{"name":"app"},"message":"[runtime-status] [3527] Running app in mode HTTPS"}}
[debug] [2021-10-04T18:02:01.817Z] [runtime-status] [3527] Attempting to listen to socketPath: /var/folders/vm/54qml9kd4zb7gtgjbhk0bcjm0000gn/T/fire_emu_3527.sock {"metadata":{"emulator":{"name":"functions"},"function":{"name":"app"},"message":"[runtime-status] [3527] Attempting to listen to socketPath: /var/folders/vm/54qml9kd4zb7gtgjbhk0bcjm0000gn/T/fire_emu_3527.sock"}}
[debug] [2021-10-04T18:02:01.819Z] [functions] Runtime ready! Sending request! {"metadata":{"emulator":{"name":"functions"},"message":"[functions] Runtime ready! Sending request!"}}
[debug] [2021-10-04T18:02:01.819Z] [functions] Got req.url=/myonlinecourses-1d1d6/us-central1/app/get-prices, mapping to path=/get-prices {"metadata":{"emulator":{"name":"functions"},"message":"[functions] Got req.url=/myonlinecourses-1d1d6/us-central1/app/get-prices, mapping to path=/get-prices"}}
[debug] [2021-10-04T18:02:01.822Z] [runtime-status] [3527] Ephemeral server handling GET request {"metadata":{"emulator":{"name":"functions"},"function":{"name":"app"},"message":"[runtime-status] [3527] Ephemeral server handling GET request"}}
[debug] [2021-10-04T18:02:01.823Z] [runtime-status] [3527] Ephemeral server survived. {"metadata":{"emulator":{"name":"functions"},"function":{"name":"app"},"message":"[runtime-status] [3527] Ephemeral server survived."}}
[info] >  tweakedData {"user":"tweakedData","metadata":{"emulator":{"name":"functions"},"function":{"name":"app"},"message":"\u001b[90m> \u001b[39m tweakedData"}}
[info] i  functions: Finished "app" in ~1s {"metadata":{"emulator":{"name":"functions"},"function":{"name":"app"},"message":"Finished \"app\" in ~1s"}}
[debug] [2021-10-04T18:02:02.184Z] [worker-app-4ec5d47d-6245-4957-a08c-dc3995b70ee4]: IDLE {"metadata":{"emulator":{"name":"functions"},"message":"[worker-app-4ec5d47d-6245-4957-a08c-dc3995b70ee4]: IDLE"}}
[debug] [2021-10-04T18:02:02.184Z] [work-queue] {"queueLength":0,"workRunningCount":0}
[debug] [2021-10-04T18:02:26.242Z] [work-queue] {"queueLength":1,"workRunningCount":0}
[debug] [2021-10-04T18:02:26.242Z] [work-queue] {"queueLength":0,"workRunningCount":1}
[debug] [2021-10-04T18:02:26.242Z] Accepted request GET /myonlinecourses-1d1d6/us-central1/app/get-prices --> app
[debug] [2021-10-04T18:02:26.242Z] [worker-pool] submitWork(triggerId=app) {"metadata":{"emulator":{"name":"functions"},"message":"[worker-pool] submitWork(triggerId=app)"}}
[debug] [2021-10-04T18:02:26.242Z] [worker-app-4ec5d47d-6245-4957-a08c-dc3995b70ee4]: Assigning socketPath: /var/folders/vm/54qml9kd4zb7gtgjbhk0bcjm0000gn/T/fire_emu_3527.sock {"metadata":{"emulator":{"name":"functions"},"message":"[worker-app-4ec5d47d-6245-4957-a08c-dc3995b70ee4]: Assigning socketPath: /var/folders/vm/54qml9kd4zb7gtgjbhk0bcjm0000gn/T/fire_emu_3527.sock"}}
[debug] [2021-10-04T18:02:26.242Z] [worker-app-4ec5d47d-6245-4957-a08c-dc3995b70ee4]: BUSY {"metadata":{"emulator":{"name":"functions"},"message":"[worker-app-4ec5d47d-6245-4957-a08c-dc3995b70ee4]: BUSY"}}
[debug] [2021-10-04T18:02:26.243Z] [runtime-status] [3527] Trigger "app" has been found, beginning invocation! {"metadata":{"emulator":{"name":"functions"},"function":{"name":"app"},"message":"[runtime-status] [3527] Trigger \"app\" has been found, beginning invocation!"}}
[info] i  functions: Beginning execution of "app" {"metadata":{"emulator":{"name":"functions"},"function":{"name":"app"},"message":"Beginning execution of \"app\""}}
[debug] [2021-10-04T18:02:26.243Z] [runtime-status] [3527] triggerDefinition {"httpsTrigger":{},"name":"app","entryPoint":"app"} {"metadata":{"emulator":{"name":"functions"},"function":{"name":"app"},"message":"[runtime-status] [3527] triggerDefinition {\"httpsTrigger\":{},\"name\":\"app\",\"entryPoint\":\"app\"}"}}
[debug] [2021-10-04T18:02:26.245Z] [runtime-status] [3527] Running app in mode HTTPS {"metadata":{"emulator":{"name":"functions"},"function":{"name":"app"},"message":"[runtime-status] [3527] Running app in mode HTTPS"}}
[debug] [2021-10-04T18:02:26.245Z] [runtime-status] [3527] Attempting to listen to socketPath: /var/folders/vm/54qml9kd4zb7gtgjbhk0bcjm0000gn/T/fire_emu_3527.sock {"metadata":{"emulator":{"name":"functions"},"function":{"name":"app"},"message":"[runtime-status] [3527] Attempting to listen to socketPath: /var/folders/vm/54qml9kd4zb7gtgjbhk0bcjm0000gn/T/fire_emu_3527.sock"}}
[debug] [2021-10-04T18:02:26.246Z] [functions] Runtime ready! Sending request! {"metadata":{"emulator":{"name":"functions"},"message":"[functions] Runtime ready! Sending request!"}}
[debug] [2021-10-04T18:02:26.246Z] [functions] Got req.url=/myonlinecourses-1d1d6/us-central1/app/get-prices, mapping to path=/get-prices {"metadata":{"emulator":{"name":"functions"},"message":"[functions] Got req.url=/myonlinecourses-1d1d6/us-central1/app/get-prices, mapping to path=/get-prices"}}
[debug] [2021-10-04T18:02:26.250Z] [runtime-status] [3527] Ephemeral server handling GET request {"metadata":{"emulator":{"name":"functions"},"function":{"name":"app"},"message":"[runtime-status] [3527] Ephemeral server handling GET request"}}
[debug] [2021-10-04T18:02:26.250Z] [runtime-status] [3527] Ephemeral server survived. {"metadata":{"emulator":{"name":"functions"},"function":{"name":"app"},"message":"[runtime-status] [3527] Ephemeral server survived."}}
[info] >  tweakedData {"user":"tweakedData","metadata":{"emulator":{"name":"functions"},"function":{"name":"app"},"message":"\u001b[90m> \u001b[39m tweakedData"}}
[info] i  functions: Finished "app" in ~1s {"metadata":{"emulator":{"name":"functions"},"function":{"name":"app"},"message":"Finished \"app\" in ~1s"}}
[debug] [2021-10-04T18:02:26.521Z] [worker-app-4ec5d47d-6245-4957-a08c-dc3995b70ee4]: IDLE {"metadata":{"emulator":{"name":"functions"},"message":"[worker-app-4ec5d47d-6245-4957-a08c-dc3995b70ee4]: IDLE"}}
[debug] [2021-10-04T18:02:26.521Z] [work-queue] {"queueLength":0,"workRunningCount":0}
[debug] [2021-10-04T18:02:30.168Z] [work-queue] {"queueLength":1,"workRunningCount":0}
[debug] [2021-10-04T18:02:30.169Z] [work-queue] {"queueLength":0,"workRunningCount":1}
[debug] [2021-10-04T18:02:30.169Z] Accepted request GET /myonlinecourses-1d1d6/us-central1/app/get-prices --> app
[debug] [2021-10-04T18:02:30.169Z] [worker-pool] submitWork(triggerId=app) {"metadata":{"emulator":{"name":"functions"},"message":"[worker-pool] submitWork(triggerId=app)"}}
[debug] [2021-10-04T18:02:30.169Z] [worker-app-4ec5d47d-6245-4957-a08c-dc3995b70ee4]: Assigning socketPath: /var/folders/vm/54qml9kd4zb7gtgjbhk0bcjm0000gn/T/fire_emu_3527.sock {"metadata":{"emulator":{"name":"functions"},"message":"[worker-app-4ec5d47d-6245-4957-a08c-dc3995b70ee4]: Assigning socketPath: /var/folders/vm/54qml9kd4zb7gtgjbhk0bcjm0000gn/T/fire_emu_3527.sock"}}
[debug] [2021-10-04T18:02:30.169Z] [worker-app-4ec5d47d-6245-4957-a08c-dc3995b70ee4]: BUSY {"metadata":{"emulator":{"name":"functions"},"message":"[worker-app-4ec5d47d-6245-4957-a08c-dc3995b70ee4]: BUSY"}}
[debug] [2021-10-04T18:02:30.173Z] [runtime-status] [3527] Trigger "app" has been found, beginning invocation! {"metadata":{"emulator":{"name":"functions"},"function":{"name":"app"},"message":"[runtime-status] [3527] Trigger \"app\" has been found, beginning invocation!"}}
[info] i  functions: Beginning execution of "app" {"metadata":{"emulator":{"name":"functions"},"function":{"name":"app"},"message":"Beginning execution of \"app\""}}
[debug] [2021-10-04T18:02:30.173Z] [runtime-status] [3527] triggerDefinition {"httpsTrigger":{},"name":"app","entryPoint":"app"} {"metadata":{"emulator":{"name":"functions"},"function":{"name":"app"},"message":"[runtime-status] [3527] triggerDefinition {\"httpsTrigger\":{},\"name\":\"app\",\"entryPoint\":\"app\"}"}}
[debug] [2021-10-04T18:02:30.174Z] [runtime-status] [3527] Running app in mode HTTPS {"metadata":{"emulator":{"name":"functions"},"function":{"name":"app"},"message":"[runtime-status] [3527] Running app in mode HTTPS"}}
[debug] [2021-10-04T18:02:30.178Z] [runtime-status] [3527] Attempting to listen to socketPath: /var/folders/vm/54qml9kd4zb7gtgjbhk0bcjm0000gn/T/fire_emu_3527.sock {"metadata":{"emulator":{"name":"functions"},"function":{"name":"app"},"message":"[runtime-status] [3527] Attempting to listen to socketPath: /var/folders/vm/54qml9kd4zb7gtgjbhk0bcjm0000gn/T/fire_emu_3527.sock"}}
[debug] [2021-10-04T18:02:30.179Z] [functions] Runtime ready! Sending request! {"metadata":{"emulator":{"name":"functions"},"message":"[functions] Runtime ready! Sending request!"}}
[debug] [2021-10-04T18:02:30.179Z] [functions] Got req.url=/myonlinecourses-1d1d6/us-central1/app/get-prices, mapping to path=/get-prices {"metadata":{"emulator":{"name":"functions"},"message":"[functions] Got req.url=/myonlinecourses-1d1d6/us-central1/app/get-prices, mapping to path=/get-prices"}}
[debug] [2021-10-04T18:02:30.188Z] [runtime-status] [3527] Ephemeral server handling GET request {"metadata":{"emulator":{"name":"functions"},"function":{"name":"app"},"message":"[runtime-status] [3527] Ephemeral server handling GET request"}}
[debug] [2021-10-04T18:02:30.188Z] [runtime-status] [3527] Ephemeral server survived. {"metadata":{"emulator":{"name":"functions"},"function":{"name":"app"},"message":"[runtime-status] [3527] Ephemeral server survived."}}
[info] >  tweakedData {"user":"tweakedData","metadata":{"emulator":{"name":"functions"},"function":{"name":"app"},"message":"\u001b[90m> \u001b[39m tweakedData"}}
[info] i  functions: Finished "app" in ~1s {"metadata":{"emulator":{"name":"functions"},"function":{"name":"app"},"message":"Finished \"app\" in ~1s"}}
[debug] [2021-10-04T18:02:30.474Z] [worker-app-4ec5d47d-6245-4957-a08c-dc3995b70ee4]: IDLE {"metadata":{"emulator":{"name":"functions"},"message":"[worker-app-4ec5d47d-6245-4957-a08c-dc3995b70ee4]: IDLE"}}
[debug] [2021-10-04T18:02:30.474Z] [work-queue] {"queueLength":0,"workRunningCount":0}
[debug] [2021-10-04T18:02:37.891Z] [work-queue] {"queueLength":1,"workRunningCount":0}
[debug] [2021-10-04T18:02:37.892Z] [work-queue] {"queueLength":0,"workRunningCount":1}
[debug] [2021-10-04T18:02:37.892Z] Accepted request GET /myonlinecourses-1d1d6/us-central1/app/get-prices --> app
[debug] [2021-10-04T18:02:37.892Z] [worker-pool] submitWork(triggerId=app) {"metadata":{"emulator":{"name":"functions"},"message":"[worker-pool] submitWork(triggerId=app)"}}
[debug] [2021-10-04T18:02:37.892Z] [worker-app-4ec5d47d-6245-4957-a08c-dc3995b70ee4]: Assigning socketPath: /var/folders/vm/54qml9kd4zb7gtgjbhk0bcjm0000gn/T/fire_emu_3527.sock {"metadata":{"emulator":{"name":"functions"},"message":"[worker-app-4ec5d47d-6245-4957-a08c-dc3995b70ee4]: Assigning socketPath: /var/folders/vm/54qml9kd4zb7gtgjbhk0bcjm0000gn/T/fire_emu_3527.sock"}}
[debug] [2021-10-04T18:02:37.892Z] [worker-app-4ec5d47d-6245-4957-a08c-dc3995b70ee4]: BUSY {"metadata":{"emulator":{"name":"functions"},"message":"[worker-app-4ec5d47d-6245-4957-a08c-dc3995b70ee4]: BUSY"}}
[debug] [2021-10-04T18:02:37.893Z] [runtime-status] [3527] Trigger "app" has been found, beginning invocation! {"metadata":{"emulator":{"name":"functions"},"function":{"name":"app"},"message":"[runtime-status] [3527] Trigger \"app\" has been found, beginning invocation!"}}
[info] i  functions: Beginning execution of "app" {"metadata":{"emulator":{"name":"functions"},"function":{"name":"app"},"message":"Beginning execution of \"app\""}}
[debug] [2021-10-04T18:02:37.893Z] [runtime-status] [3527] triggerDefinition {"httpsTrigger":{},"name":"app","entryPoint":"app"} {"metadata":{"emulator":{"name":"functions"},"function":{"name":"app"},"message":"[runtime-status] [3527] triggerDefinition {\"httpsTrigger\":{},\"name\":\"app\",\"entryPoint\":\"app\"}"}}
[debug] [2021-10-04T18:02:37.894Z] [runtime-status] [3527] Running app in mode HTTPS {"metadata":{"emulator":{"name":"functions"},"function":{"name":"app"},"message":"[runtime-status] [3527] Running app in mode HTTPS"}}
[debug] [2021-10-04T18:02:37.894Z] [runtime-status] [3527] Attempting to listen to socketPath: /var/folders/vm/54qml9kd4zb7gtgjbhk0bcjm0000gn/T/fire_emu_3527.sock {"metadata":{"emulator":{"name":"functions"},"function":{"name":"app"},"message":"[runtime-status] [3527] Attempting to listen to socketPath: /var/folders/vm/54qml9kd4zb7gtgjbhk0bcjm0000gn/T/fire_emu_3527.sock"}}
[debug] [2021-10-04T18:02:37.895Z] [functions] Runtime ready! Sending request! {"metadata":{"emulator":{"name":"functions"},"message":"[functions] Runtime ready! Sending request!"}}
[debug] [2021-10-04T18:02:37.895Z] [functions] Got req.url=/myonlinecourses-1d1d6/us-central1/app/get-prices, mapping to path=/get-prices {"metadata":{"emulator":{"name":"functions"},"message":"[functions] Got req.url=/myonlinecourses-1d1d6/us-central1/app/get-prices, mapping to path=/get-prices"}}
[debug] [2021-10-04T18:02:37.899Z] [runtime-status] [3527] Ephemeral server handling GET request {"metadata":{"emulator":{"name":"functions"},"function":{"name":"app"},"message":"[runtime-status] [3527] Ephemeral server handling GET request"}}
[debug] [2021-10-04T18:02:37.900Z] [runtime-status] [3527] Ephemeral server survived. {"metadata":{"emulator":{"name":"functions"},"function":{"name":"app"},"message":"[runtime-status] [3527] Ephemeral server survived."}}
[info] >  tweakedData {"user":"tweakedData","metadata":{"emulator":{"name":"functions"},"function":{"name":"app"},"message":"\u001b[90m> \u001b[39m tweakedData"}}
[info] i  functions: Finished "app" in ~1s {"metadata":{"emulator":{"name":"functions"},"function":{"name":"app"},"message":"Finished \"app\" in ~1s"}}
[debug] [2021-10-04T18:02:38.184Z] [worker-app-4ec5d47d-6245-4957-a08c-dc3995b70ee4]: IDLE {"metadata":{"emulator":{"name":"functions"},"message":"[worker-app-4ec5d47d-6245-4957-a08c-dc3995b70ee4]: IDLE"}}
[debug] [2021-10-04T18:02:38.184Z] [work-queue] {"queueLength":0,"workRunningCount":0}
[debug] [2021-10-04T18:02:42.138Z] [work-queue] {"queueLength":1,"workRunningCount":0}
[debug] [2021-10-04T18:02:42.139Z] [work-queue] {"queueLength":0,"workRunningCount":1}
[debug] [2021-10-04T18:02:42.139Z] Accepted request GET /myonlinecourses-1d1d6/us-central1/app/get-prices --> app
[debug] [2021-10-04T18:02:42.139Z] [worker-pool] submitWork(triggerId=app) {"metadata":{"emulator":{"name":"functions"},"message":"[worker-pool] submitWork(triggerId=app)"}}
[debug] [2021-10-04T18:02:42.139Z] [worker-app-4ec5d47d-6245-4957-a08c-dc3995b70ee4]: Assigning socketPath: /var/folders/vm/54qml9kd4zb7gtgjbhk0bcjm0000gn/T/fire_emu_3527.sock {"metadata":{"emulator":{"name":"functions"},"message":"[worker-app-4ec5d47d-6245-4957-a08c-dc3995b70ee4]: Assigning socketPath: /var/folders/vm/54qml9kd4zb7gtgjbhk0bcjm0000gn/T/fire_emu_3527.sock"}}
[debug] [2021-10-04T18:02:42.139Z] [worker-app-4ec5d47d-6245-4957-a08c-dc3995b70ee4]: BUSY {"metadata":{"emulator":{"name":"functions"},"message":"[worker-app-4ec5d47d-6245-4957-a08c-dc3995b70ee4]: BUSY"}}
[debug] [2021-10-04T18:02:42.142Z] [runtime-status] [3527] Trigger "app" has been found, beginning invocation! {"metadata":{"emulator":{"name":"functions"},"function":{"name":"app"},"message":"[runtime-status] [3527] Trigger \"app\" has been found, beginning invocation!"}}
[info] i  functions: Beginning execution of "app" {"metadata":{"emulator":{"name":"functions"},"function":{"name":"app"},"message":"Beginning execution of \"app\""}}
[debug] [2021-10-04T18:02:42.143Z] [runtime-status] [3527] triggerDefinition {"httpsTrigger":{},"name":"app","entryPoint":"app"} {"metadata":{"emulator":{"name":"functions"},"function":{"name":"app"},"message":"[runtime-status] [3527] triggerDefinition {\"httpsTrigger\":{},\"name\":\"app\",\"entryPoint\":\"app\"}"}}
[debug] [2021-10-04T18:02:42.143Z] [runtime-status] [3527] Running app in mode HTTPS {"metadata":{"emulator":{"name":"functions"},"function":{"name":"app"},"message":"[runtime-status] [3527] Running app in mode HTTPS"}}
[debug] [2021-10-04T18:02:42.143Z] [runtime-status] [3527] Attempting to listen to socketPath: /var/folders/vm/54qml9kd4zb7gtgjbhk0bcjm0000gn/T/fire_emu_3527.sock {"metadata":{"emulator":{"name":"functions"},"function":{"name":"app"},"message":"[runtime-status] [3527] Attempting to listen to socketPath: /var/folders/vm/54qml9kd4zb7gtgjbhk0bcjm0000gn/T/fire_emu_3527.sock"}}
[debug] [2021-10-04T18:02:42.145Z] [functions] Runtime ready! Sending request! {"metadata":{"emulator":{"name":"functions"},"message":"[functions] Runtime ready! Sending request!"}}
[debug] [2021-10-04T18:02:42.145Z] [functions] Got req.url=/myonlinecourses-1d1d6/us-central1/app/get-prices, mapping to path=/get-prices {"metadata":{"emulator":{"name":"functions"},"message":"[functions] Got req.url=/myonlinecourses-1d1d6/us-central1/app/get-prices, mapping to path=/get-prices"}}
[debug] [2021-10-04T18:02:42.150Z] [runtime-status] [3527] Ephemeral server handling GET request {"metadata":{"emulator":{"name":"functions"},"function":{"name":"app"},"message":"[runtime-status] [3527] Ephemeral server handling GET request"}}
[debug] [2021-10-04T18:02:42.150Z] [runtime-status] [3527] Ephemeral server survived. {"metadata":{"emulator":{"name":"functions"},"function":{"name":"app"},"message":"[runtime-status] [3527] Ephemeral server survived."}}
[info] >  tweakedData {"user":"tweakedData","metadata":{"emulator":{"name":"functions"},"function":{"name":"app"},"message":"\u001b[90m> \u001b[39m tweakedData"}}
[info] i  functions: Finished "app" in ~1s {"metadata":{"emulator":{"name":"functions"},"function":{"name":"app"},"message":"Finished \"app\" in ~1s"}}
[debug] [2021-10-04T18:02:42.450Z] [worker-app-4ec5d47d-6245-4957-a08c-dc3995b70ee4]: IDLE {"metadata":{"emulator":{"name":"functions"},"message":"[worker-app-4ec5d47d-6245-4957-a08c-dc3995b70ee4]: IDLE"}}
[debug] [2021-10-04T18:02:42.450Z] [work-queue] {"queueLength":0,"workRunningCount":0}
[debug] [2021-10-04T18:33:10.490Z] [work-queue] {"queueLength":1,"workRunningCount":0}
[debug] [2021-10-04T18:33:10.492Z] [work-queue] {"queueLength":0,"workRunningCount":1}
[debug] [2021-10-04T18:33:10.492Z] Accepted request GET /myonlinecourses-1d1d6/us-central1/app/get-prices --> app
[debug] [2021-10-04T18:33:10.494Z] [worker-pool] submitWork(triggerId=app) {"metadata":{"emulator":{"name":"functions"},"message":"[worker-pool] submitWork(triggerId=app)"}}
[debug] [2021-10-04T18:33:10.495Z] [worker-app-4ec5d47d-6245-4957-a08c-dc3995b70ee4]: Assigning socketPath: /var/folders/vm/54qml9kd4zb7gtgjbhk0bcjm0000gn/T/fire_emu_3527.sock {"metadata":{"emulator":{"name":"functions"},"message":"[worker-app-4ec5d47d-6245-4957-a08c-dc3995b70ee4]: Assigning socketPath: /var/folders/vm/54qml9kd4zb7gtgjbhk0bcjm0000gn/T/fire_emu_3527.sock"}}
[debug] [2021-10-04T18:33:10.495Z] [worker-app-4ec5d47d-6245-4957-a08c-dc3995b70ee4]: BUSY {"metadata":{"emulator":{"name":"functions"},"message":"[worker-app-4ec5d47d-6245-4957-a08c-dc3995b70ee4]: BUSY"}}
[debug] [2021-10-04T18:33:10.501Z] [runtime-status] [3527] Trigger "app" has been found, beginning invocation! {"metadata":{"emulator":{"name":"functions"},"function":{"name":"app"},"message":"[runtime-status] [3527] Trigger \"app\" has been found, beginning invocation!"}}
[info] i  functions: Beginning execution of "app" {"metadata":{"emulator":{"name":"functions"},"function":{"name":"app"},"message":"Beginning execution of \"app\""}}
[debug] [2021-10-04T18:33:10.502Z] [runtime-status] [3527] triggerDefinition {"httpsTrigger":{},"name":"app","entryPoint":"app"} {"metadata":{"emulator":{"name":"functions"},"function":{"name":"app"},"message":"[runtime-status] [3527] triggerDefinition {\"httpsTrigger\":{},\"name\":\"app\",\"entryPoint\":\"app\"}"}}
[debug] [2021-10-04T18:33:10.502Z] [runtime-status] [3527] Running app in mode HTTPS {"metadata":{"emulator":{"name":"functions"},"function":{"name":"app"},"message":"[runtime-status] [3527] Running app in mode HTTPS"}}
[debug] [2021-10-04T18:33:10.503Z] [runtime-status] [3527] Attempting to listen to socketPath: /var/folders/vm/54qml9kd4zb7gtgjbhk0bcjm0000gn/T/fire_emu_3527.sock {"metadata":{"emulator":{"name":"functions"},"function":{"name":"app"},"message":"[runtime-status] [3527] Attempting to listen to socketPath: /var/folders/vm/54qml9kd4zb7gtgjbhk0bcjm0000gn/T/fire_emu_3527.sock"}}
[debug] [2021-10-04T18:33:10.523Z] [functions] Runtime ready! Sending request! {"metadata":{"emulator":{"name":"functions"},"message":"[functions] Runtime ready! Sending request!"}}
[debug] [2021-10-04T18:33:10.524Z] [functions] Got req.url=/myonlinecourses-1d1d6/us-central1/app/get-prices, mapping to path=/get-prices {"metadata":{"emulator":{"name":"functions"},"message":"[functions] Got req.url=/myonlinecourses-1d1d6/us-central1/app/get-prices, mapping to path=/get-prices"}}
[debug] [2021-10-04T18:33:10.547Z] [runtime-status] [3527] Ephemeral server handling GET request {"metadata":{"emulator":{"name":"functions"},"function":{"name":"app"},"message":"[runtime-status] [3527] Ephemeral server handling GET request"}}
[debug] [2021-10-04T18:33:10.552Z] [runtime-status] [3527] Ephemeral server survived. {"metadata":{"emulator":{"name":"functions"},"function":{"name":"app"},"message":"[runtime-status] [3527] Ephemeral server survived."}}
[info] >  tweakedData {"user":"tweakedData","metadata":{"emulator":{"name":"functions"},"function":{"name":"app"},"message":"\u001b[90m> \u001b[39m tweakedData"}}
[info] i  functions: Finished "app" in ~1s {"metadata":{"emulator":{"name":"functions"},"function":{"name":"app"},"message":"Finished \"app\" in ~1s"}}
[debug] [2021-10-04T18:33:10.952Z] [worker-app-4ec5d47d-6245-4957-a08c-dc3995b70ee4]: IDLE {"metadata":{"emulator":{"name":"functions"},"message":"[worker-app-4ec5d47d-6245-4957-a08c-dc3995b70ee4]: IDLE"}}
[debug] [2021-10-04T18:33:10.955Z] [work-queue] {"queueLength":0,"workRunningCount":0}
[debug] [2021-10-04T18:36:54.880Z] [work-queue] {"queueLength":1,"workRunningCount":0}
[debug] [2021-10-04T18:36:54.880Z] [work-queue] {"queueLength":0,"workRunningCount":1}
[debug] [2021-10-04T18:36:54.880Z] Accepted request GET /myonlinecourses-1d1d6/us-central1/app/get-prices --> app
[debug] [2021-10-04T18:36:54.880Z] [worker-pool] submitWork(triggerId=app) {"metadata":{"emulator":{"name":"functions"},"message":"[worker-pool] submitWork(triggerId=app)"}}
[debug] [2021-10-04T18:36:54.880Z] [worker-app-4ec5d47d-6245-4957-a08c-dc3995b70ee4]: Assigning socketPath: /var/folders/vm/54qml9kd4zb7gtgjbhk0bcjm0000gn/T/fire_emu_3527.sock {"metadata":{"emulator":{"name":"functions"},"message":"[worker-app-4ec5d47d-6245-4957-a08c-dc3995b70ee4]: Assigning socketPath: /var/folders/vm/54qml9kd4zb7gtgjbhk0bcjm0000gn/T/fire_emu_3527.sock"}}
[debug] [2021-10-04T18:36:54.880Z] [worker-app-4ec5d47d-6245-4957-a08c-dc3995b70ee4]: BUSY {"metadata":{"emulator":{"name":"functions"},"message":"[worker-app-4ec5d47d-6245-4957-a08c-dc3995b70ee4]: BUSY"}}
[debug] [2021-10-04T18:36:54.885Z] [runtime-status] [3527] Trigger "app" has been found, beginning invocation! {"metadata":{"emulator":{"name":"functions"},"function":{"name":"app"},"message":"[runtime-status] [3527] Trigger \"app\" has been found, beginning invocation!"}}
[info] i  functions: Beginning execution of "app" {"metadata":{"emulator":{"name":"functions"},"function":{"name":"app"},"message":"Beginning execution of \"app\""}}
[debug] [2021-10-04T18:36:54.889Z] [runtime-status] [3527] triggerDefinition {"httpsTrigger":{},"name":"app","entryPoint":"app"} {"metadata":{"emulator":{"name":"functions"},"function":{"name":"app"},"message":"[runtime-status] [3527] triggerDefinition {\"httpsTrigger\":{},\"name\":\"app\",\"entryPoint\":\"app\"}"}}
[debug] [2021-10-04T18:36:54.889Z] [runtime-status] [3527] Running app in mode HTTPS {"metadata":{"emulator":{"name":"functions"},"function":{"name":"app"},"message":"[runtime-status] [3527] Running app in mode HTTPS"}}
[debug] [2021-10-04T18:36:54.889Z] [runtime-status] [3527] Attempting to listen to socketPath: /var/folders/vm/54qml9kd4zb7gtgjbhk0bcjm0000gn/T/fire_emu_3527.sock {"metadata":{"emulator":{"name":"functions"},"function":{"name":"app"},"message":"[runtime-status] [3527] Attempting to listen to socketPath: /var/folders/vm/54qml9kd4zb7gtgjbhk0bcjm0000gn/T/fire_emu_3527.sock"}}
[debug] [2021-10-04T18:36:54.897Z] [functions] Runtime ready! Sending request! {"metadata":{"emulator":{"name":"functions"},"message":"[functions] Runtime ready! Sending request!"}}
[debug] [2021-10-04T18:36:54.897Z] [functions] Got req.url=/myonlinecourses-1d1d6/us-central1/app/get-prices, mapping to path=/get-prices {"metadata":{"emulator":{"name":"functions"},"message":"[functions] Got req.url=/myonlinecourses-1d1d6/us-central1/app/get-prices, mapping to path=/get-prices"}}
[debug] [2021-10-04T18:36:54.907Z] [runtime-status] [3527] Ephemeral server handling GET request {"metadata":{"emulator":{"name":"functions"},"function":{"name":"app"},"message":"[runtime-status] [3527] Ephemeral server handling GET request"}}
[debug] [2021-10-04T18:36:54.908Z] [runtime-status] [3527] Ephemeral server survived. {"metadata":{"emulator":{"name":"functions"},"function":{"name":"app"},"message":"[runtime-status] [3527] Ephemeral server survived."}}
[info] >  tweakedData {"user":"tweakedData","metadata":{"emulator":{"name":"functions"},"function":{"name":"app"},"message":"\u001b[90m> \u001b[39m tweakedData"}}
[info] i  functions: Finished "app" in ~1s {"metadata":{"emulator":{"name":"functions"},"function":{"name":"app"},"message":"Finished \"app\" in ~1s"}}
[debug] [2021-10-04T18:36:55.318Z] [worker-app-4ec5d47d-6245-4957-a08c-dc3995b70ee4]: IDLE {"metadata":{"emulator":{"name":"functions"},"message":"[worker-app-4ec5d47d-6245-4957-a08c-dc3995b70ee4]: IDLE"}}
[debug] [2021-10-04T18:36:55.318Z] [work-queue] {"queueLength":0,"workRunningCount":0}
[debug] [2021-10-04T18:38:10.275Z] [work-queue] {"queueLength":1,"workRunningCount":0}
[debug] [2021-10-04T18:38:10.275Z] [work-queue] {"queueLength":0,"workRunningCount":1}
[debug] [2021-10-04T18:38:10.275Z] Accepted request GET /myonlinecourses-1d1d6/us-central1/app/get-prices --> app
[debug] [2021-10-04T18:38:10.275Z] [worker-pool] submitWork(triggerId=app) {"metadata":{"emulator":{"name":"functions"},"message":"[worker-pool] submitWork(triggerId=app)"}}
[debug] [2021-10-04T18:38:10.275Z] [worker-app-4ec5d47d-6245-4957-a08c-dc3995b70ee4]: Assigning socketPath: /var/folders/vm/54qml9kd4zb7gtgjbhk0bcjm0000gn/T/fire_emu_3527.sock {"metadata":{"emulator":{"name":"functions"},"message":"[worker-app-4ec5d47d-6245-4957-a08c-dc3995b70ee4]: Assigning socketPath: /var/folders/vm/54qml9kd4zb7gtgjbhk0bcjm0000gn/T/fire_emu_3527.sock"}}
[debug] [2021-10-04T18:38:10.276Z] [worker-app-4ec5d47d-6245-4957-a08c-dc3995b70ee4]: BUSY {"metadata":{"emulator":{"name":"functions"},"message":"[worker-app-4ec5d47d-6245-4957-a08c-dc3995b70ee4]: BUSY"}}
[debug] [2021-10-04T18:38:10.277Z] [runtime-status] [3527] Trigger "app" has been found, beginning invocation! {"metadata":{"emulator":{"name":"functions"},"function":{"name":"app"},"message":"[runtime-status] [3527] Trigger \"app\" has been found, beginning invocation!"}}
[info] i  functions: Beginning execution of "app" {"metadata":{"emulator":{"name":"functions"},"function":{"name":"app"},"message":"Beginning execution of \"app\""}}
[debug] [2021-10-04T18:38:10.278Z] [runtime-status] [3527] triggerDefinition {"httpsTrigger":{},"name":"app","entryPoint":"app"} {"metadata":{"emulator":{"name":"functions"},"function":{"name":"app"},"message":"[runtime-status] [3527] triggerDefinition {\"httpsTrigger\":{},\"name\":\"app\",\"entryPoint\":\"app\"}"}}
[debug] [2021-10-04T18:38:10.278Z] [runtime-status] [3527] Running app in mode HTTPS {"metadata":{"emulator":{"name":"functions"},"function":{"name":"app"},"message":"[runtime-status] [3527] Running app in mode HTTPS"}}
[debug] [2021-10-04T18:38:10.278Z] [runtime-status] [3527] Attempting to listen to socketPath: /var/folders/vm/54qml9kd4zb7gtgjbhk0bcjm0000gn/T/fire_emu_3527.sock {"metadata":{"emulator":{"name":"functions"},"function":{"name":"app"},"message":"[runtime-status] [3527] Attempting to listen to socketPath: /var/folders/vm/54qml9kd4zb7gtgjbhk0bcjm0000gn/T/fire_emu_3527.sock"}}
[debug] [2021-10-04T18:38:10.279Z] [functions] Runtime ready! Sending request! {"metadata":{"emulator":{"name":"functions"},"message":"[functions] Runtime ready! Sending request!"}}
[debug] [2021-10-04T18:38:10.279Z] [functions] Got req.url=/myonlinecourses-1d1d6/us-central1/app/get-prices, mapping to path=/get-prices {"metadata":{"emulator":{"name":"functions"},"message":"[functions] Got req.url=/myonlinecourses-1d1d6/us-central1/app/get-prices, mapping to path=/get-prices"}}
[debug] [2021-10-04T18:38:10.282Z] [runtime-status] [3527] Ephemeral server handling GET request {"metadata":{"emulator":{"name":"functions"},"function":{"name":"app"},"message":"[runtime-status] [3527] Ephemeral server handling GET request"}}
[debug] [2021-10-04T18:38:10.283Z] [runtime-status] [3527] Ephemeral server survived. {"metadata":{"emulator":{"name":"functions"},"function":{"name":"app"},"message":"[runtime-status] [3527] Ephemeral server survived."}}
[info] i  functions: Finished "app" in ~1s {"metadata":{"emulator":{"name":"functions"},"function":{"name":"app"},"message":"Finished \"app\" in ~1s"}}
[debug] [2021-10-04T18:38:10.293Z] [worker-app-4ec5d47d-6245-4957-a08c-dc3995b70ee4]: IDLE {"metadata":{"emulator":{"name":"functions"},"message":"[worker-app-4ec5d47d-6245-4957-a08c-dc3995b70ee4]: IDLE"}}
[debug] [2021-10-04T18:38:10.293Z] [work-queue] {"queueLength":0,"workRunningCount":0}
[debug] [2021-10-04T19:03:04.826Z] [work-queue] {"queueLength":1,"workRunningCount":0}
[debug] [2021-10-04T19:03:04.828Z] [work-queue] {"queueLength":0,"workRunningCount":1}
[debug] [2021-10-04T19:03:04.829Z] Accepted request GET /myonlinecourses-1d1d6/us-central1/app/get-prices --> app
[debug] [2021-10-04T19:03:04.829Z] [worker-pool] submitWork(triggerId=app) {"metadata":{"emulator":{"name":"functions"},"message":"[worker-pool] submitWork(triggerId=app)"}}
[debug] [2021-10-04T19:03:04.831Z] [worker-app-4ec5d47d-6245-4957-a08c-dc3995b70ee4]: Assigning socketPath: /var/folders/vm/54qml9kd4zb7gtgjbhk0bcjm0000gn/T/fire_emu_3527.sock {"metadata":{"emulator":{"name":"functions"},"message":"[worker-app-4ec5d47d-6245-4957-a08c-dc3995b70ee4]: Assigning socketPath: /var/folders/vm/54qml9kd4zb7gtgjbhk0bcjm0000gn/T/fire_emu_3527.sock"}}
[debug] [2021-10-04T19:03:04.831Z] [worker-app-4ec5d47d-6245-4957-a08c-dc3995b70ee4]: BUSY {"metadata":{"emulator":{"name":"functions"},"message":"[worker-app-4ec5d47d-6245-4957-a08c-dc3995b70ee4]: BUSY"}}
[debug] [2021-10-04T19:03:04.836Z] [runtime-status] [3527] Trigger "app" has been found, beginning invocation! {"metadata":{"emulator":{"name":"functions"},"function":{"name":"app"},"message":"[runtime-status] [3527] Trigger \"app\" has been found, beginning invocation!"}}
[info] i  functions: Beginning execution of "app" {"metadata":{"emulator":{"name":"functions"},"function":{"name":"app"},"message":"Beginning execution of \"app\""}}
[debug] [2021-10-04T19:03:04.838Z] [runtime-status] [3527] triggerDefinition {"httpsTrigger":{},"name":"app","entryPoint":"app"} {"metadata":{"emulator":{"name":"functions"},"function":{"name":"app"},"message":"[runtime-status] [3527] triggerDefinition {\"httpsTrigger\":{},\"name\":\"app\",\"entryPoint\":\"app\"}"}}
[debug] [2021-10-04T19:03:04.838Z] [runtime-status] [3527] Running app in mode HTTPS {"metadata":{"emulator":{"name":"functions"},"function":{"name":"app"},"message":"[runtime-status] [3527] Running app in mode HTTPS"}}
[debug] [2021-10-04T19:03:04.840Z] [runtime-status] [3527] Attempting to listen to socketPath: /var/folders/vm/54qml9kd4zb7gtgjbhk0bcjm0000gn/T/fire_emu_3527.sock {"metadata":{"emulator":{"name":"functions"},"function":{"name":"app"},"message":"[runtime-status] [3527] Attempting to listen to socketPath: /var/folders/vm/54qml9kd4zb7gtgjbhk0bcjm0000gn/T/fire_emu_3527.sock"}}
[debug] [2021-10-04T19:03:04.850Z] [functions] Runtime ready! Sending request! {"metadata":{"emulator":{"name":"functions"},"message":"[functions] Runtime ready! Sending request!"}}
[debug] [2021-10-04T19:03:04.852Z] [functions] Got req.url=/myonlinecourses-1d1d6/us-central1/app/get-prices, mapping to path=/get-prices {"metadata":{"emulator":{"name":"functions"},"message":"[functions] Got req.url=/myonlinecourses-1d1d6/us-central1/app/get-prices, mapping to path=/get-prices"}}
[debug] [2021-10-04T19:03:04.870Z] [runtime-status] [3527] Ephemeral server handling GET request {"metadata":{"emulator":{"name":"functions"},"function":{"name":"app"},"message":"[runtime-status] [3527] Ephemeral server handling GET request"}}
[debug] [2021-10-04T19:03:04.876Z] [runtime-status] [3527] Ephemeral server survived. {"metadata":{"emulator":{"name":"functions"},"function":{"name":"app"},"message":"[runtime-status] [3527] Ephemeral server survived."}}
[info] >  tweakedData {"user":"tweakedData","metadata":{"emulator":{"name":"functions"},"function":{"name":"app"},"message":"\u001b[90m> \u001b[39m tweakedData"}}
[info] i  functions: Finished "app" in ~1s {"metadata":{"emulator":{"name":"functions"},"function":{"name":"app"},"message":"Finished \"app\" in ~1s"}}
[debug] [2021-10-04T19:03:05.281Z] [worker-app-4ec5d47d-6245-4957-a08c-dc3995b70ee4]: IDLE {"metadata":{"emulator":{"name":"functions"},"message":"[worker-app-4ec5d47d-6245-4957-a08c-dc3995b70ee4]: IDLE"}}
[debug] [2021-10-04T19:03:05.282Z] [work-queue] {"queueLength":0,"workRunningCount":0}
